app/build/intermediates/manifest_merge_blame_file/debug/manifest-merger-blame-debug-report.txt
1<?xml version="1.0" encoding="utf-8"?>
2<manifest xmlns:android="http://schemas.android.com/apk/res/android"
3    package="com.example.spotifywrapped"
4    android:versionCode="1"
5    android:versionName="1.0" >
6
7    <uses-sdk
8        android:minSdkVersion="24"
9        android:targetSdkVersion="34" />
10
11    <uses-permission android:name="android.permission.INTERNET" />
11-->src/main/AndroidManifest.xml:4:5-67
11-->src/main/AndroidManifest.xml:4:22-64
12
13    <queries>
13-->[spotify-app-remote-release-0.8.0.aar] AndroidManifest.xml:27:5-32:15
14        <package android:name="com.spotify.music" />
14-->[spotify-app-remote-release-0.8.0.aar] AndroidManifest.xml:28:9-53
14-->[spotify-app-remote-release-0.8.0.aar] AndroidManifest.xml:28:18-50
15        <package android:name="com.spotify.music.debug" />
15-->[spotify-app-remote-release-0.8.0.aar] AndroidManifest.xml:29:9-59
15-->[spotify-app-remote-release-0.8.0.aar] AndroidManifest.xml:29:18-56
16        <package android:name="com.spotify.music.canary" />
16-->[spotify-app-remote-release-0.8.0.aar] AndroidManifest.xml:30:9-60
16-->[spotify-app-remote-release-0.8.0.aar] AndroidManifest.xml:30:18-57
17        <package android:name="com.spotify.music.partners" />
17-->[spotify-app-remote-release-0.8.0.aar] AndroidManifest.xml:31:9-62
17-->[spotify-app-remote-release-0.8.0.aar] AndroidManifest.xml:31:18-59
18
19        <intent>
19-->[com.spotify.android:auth:2.1.1] AndroidManifest.xml:28:9-30:18
20            <action android:name="android.support.customtabs.action.CustomTabsService" />
20-->[com.spotify.android:auth:2.1.1] AndroidManifest.xml:29:13-90
20-->[com.spotify.android:auth:2.1.1] AndroidManifest.xml:29:21-87
21        </intent>
22        <intent>
22-->[com.spotify.android:auth:2.1.1] AndroidManifest.xml:37:9-41:18
23            <action android:name="com.spotify.sso.action.START_AUTH_FLOW" />
23-->[com.spotify.android:auth:2.1.1] AndroidManifest.xml:38:13-77
23-->[com.spotify.android:auth:2.1.1] AndroidManifest.xml:38:21-74
24
25            <data android:mimeType="text/plain" />
25-->src/main/AndroidManifest.xml:30:17-72
26        </intent>
27    </queries>
28
29    <uses-permission android:name="android.permission.ACCESS_NETWORK_STATE" />
29-->[com.firebaseui:firebase-ui-auth:7.2.0] AndroidManifest.xml:12:5-79
29-->[com.firebaseui:firebase-ui-auth:7.2.0] AndroidManifest.xml:12:22-76
30    <uses-permission android:name="android.permission.WAKE_LOCK" />
30-->[com.google.android.gms:play-services-measurement:21.6.1] AndroidManifest.xml:25:5-68
30-->[com.google.android.gms:play-services-measurement:21.6.1] AndroidManifest.xml:25:22-65
31    <uses-permission android:name="com.google.android.finsky.permission.BIND_GET_INSTALL_REFERRER_SERVICE" />
31-->[com.google.android.gms:play-services-measurement:21.6.1] AndroidManifest.xml:26:5-110
31-->[com.google.android.gms:play-services-measurement:21.6.1] AndroidManifest.xml:26:22-107
32    <uses-permission android:name="com.google.android.gms.permission.AD_ID" />
32-->[com.google.android.gms:play-services-measurement-api:21.6.1] AndroidManifest.xml:25:5-79
32-->[com.google.android.gms:play-services-measurement-api:21.6.1] AndroidManifest.xml:25:22-76
33    <uses-permission android:name="android.permission.ACCESS_ADSERVICES_ATTRIBUTION" />
33-->[com.google.android.gms:play-services-measurement-api:21.6.1] AndroidManifest.xml:26:5-88
33-->[com.google.android.gms:play-services-measurement-api:21.6.1] AndroidManifest.xml:26:22-85
34    <uses-permission android:name="android.permission.ACCESS_ADSERVICES_AD_ID" />
34-->[com.google.android.gms:play-services-measurement-api:21.6.1] AndroidManifest.xml:27:5-82
34-->[com.google.android.gms:play-services-measurement-api:21.6.1] AndroidManifest.xml:27:22-79
35    <uses-permission android:name="com.google.android.providers.gsf.permission.READ_GSERVICES" />
35-->[com.google.android.recaptcha:recaptcha:18.4.0] AndroidManifest.xml:9:5-98
35-->[com.google.android.recaptcha:recaptcha:18.4.0] AndroidManifest.xml:9:22-95
36
37    <permission
37-->[androidx.core:core:1.9.0] AndroidManifest.xml:22:5-24:47
38        android:name="com.example.spotifywrapped.DYNAMIC_RECEIVER_NOT_EXPORTED_PERMISSION"
38-->[androidx.core:core:1.9.0] AndroidManifest.xml:23:9-81
39        android:protectionLevel="signature" />
39-->[androidx.core:core:1.9.0] AndroidManifest.xml:24:9-44
40
41    <uses-permission android:name="com.example.spotifywrapped.DYNAMIC_RECEIVER_NOT_EXPORTED_PERMISSION" />
41-->[androidx.core:core:1.9.0] AndroidManifest.xml:26:5-97
41-->[androidx.core:core:1.9.0] AndroidManifest.xml:26:22-94
42
43    <application
43-->src/main/AndroidManifest.xml:6:5-35:19
44        android:allowBackup="true"
44-->src/main/AndroidManifest.xml:7:9-35
45        android:appComponentFactory="androidx.core.app.CoreComponentFactory"
45-->[androidx.core:core:1.9.0] AndroidManifest.xml:28:18-86
46        android:dataExtractionRules="@xml/data_extraction_rules"
46-->src/main/AndroidManifest.xml:8:9-65
47        android:debuggable="true"
48        android:extractNativeLibs="false"
49        android:fullBackupContent="@xml/backup_rules"
49-->src/main/AndroidManifest.xml:9:9-54
50        android:icon="@mipmap/ic_launcher"
50-->src/main/AndroidManifest.xml:10:9-43
51        android:label="@string/app_name"
51-->src/main/AndroidManifest.xml:11:9-41
52        android:roundIcon="@mipmap/ic_launcher_round"
52-->src/main/AndroidManifest.xml:12:9-54
53        android:supportsRtl="true"
53-->src/main/AndroidManifest.xml:13:9-35
54        android:testOnly="true"
55        android:theme="@style/Theme.SpotifyWrapped" >
55-->src/main/AndroidManifest.xml:14:9-52
56        <activity
56-->src/main/AndroidManifest.xml:16:9-32:20
57            android:name="com.example.spotifywrapped.MainActivity"
57-->src/main/AndroidManifest.xml:17:13-41
58            android:exported="true"
58-->src/main/AndroidManifest.xml:18:13-36
59            android:label="@string/app_name"
59-->src/main/AndroidManifest.xml:19:13-45
60            android:theme="@style/Theme.SpotifyWrapped.NoActionBar" >
60-->src/main/AndroidManifest.xml:20:13-68
61            <intent-filter>
61-->src/main/AndroidManifest.xml:21:13-26:29
62                <action android:name="android.intent.action.MAIN" />
62-->src/main/AndroidManifest.xml:22:17-69
62-->src/main/AndroidManifest.xml:22:25-66
63
64                <category android:name="android.intent.category.LAUNCHER" />
64-->src/main/AndroidManifest.xml:24:17-77
64-->src/main/AndroidManifest.xml:24:27-74
65            </intent-filter>
66            <intent-filter>
66-->src/main/AndroidManifest.xml:28:13-31:29
67                <data
67-->src/main/AndroidManifest.xml:30:17-72
68                    android:host="auth"
68-->src/main/AndroidManifest.xml:30:23-42
69                    android:scheme="spotifyapk" />
69-->src/main/AndroidManifest.xml:30:43-70
70            </intent-filter>
71        </activity>
72        <activity android:name="com.example.spotifywrapped.SpotifyWrappedStoryActivity" />
72-->src/main/AndroidManifest.xml:33:9-65
72-->src/main/AndroidManifest.xml:33:19-62
73
74        <meta-data
74-->[com.firebaseui:firebase-ui-auth:7.2.0] AndroidManifest.xml:16:9-18:69
75            android:name="com.google.android.gms.version"
75-->[com.firebaseui:firebase-ui-auth:7.2.0] AndroidManifest.xml:17:13-58
76            android:value="@integer/google_play_services_version" />
76-->[com.firebaseui:firebase-ui-auth:7.2.0] AndroidManifest.xml:18:13-66
77        <meta-data
77-->[com.firebaseui:firebase-ui-auth:7.2.0] AndroidManifest.xml:19:9-21:63
78            android:name="com.facebook.sdk.ApplicationId"
78-->[com.firebaseui:firebase-ui-auth:7.2.0] AndroidManifest.xml:20:13-58
79            android:value="@string/facebook_application_id" />
79-->[com.firebaseui:firebase-ui-auth:7.2.0] AndroidManifest.xml:21:13-60
80
81        <activity
81-->[com.firebaseui:firebase-ui-auth:7.2.0] AndroidManifest.xml:23:9-27:61
82            android:name="com.firebase.ui.auth.KickoffActivity"
82-->[com.firebaseui:firebase-ui-auth:7.2.0] AndroidManifest.xml:24:13-64
83            android:exported="false"
83-->[com.firebaseui:firebase-ui-auth:7.2.0] AndroidManifest.xml:25:13-37
84            android:label=""
84-->[com.firebaseui:firebase-ui-auth:7.2.0] AndroidManifest.xml:26:13-29
85            android:theme="@style/FirebaseUI.Transparent" />
85-->[com.firebaseui:firebase-ui-auth:7.2.0] AndroidManifest.xml:27:13-58
86        <activity
86-->[com.firebaseui:firebase-ui-auth:7.2.0] AndroidManifest.xml:28:9-32:61
87            android:name="com.firebase.ui.auth.ui.idp.SingleSignInActivity"
87-->[com.firebaseui:firebase-ui-auth:7.2.0] AndroidManifest.xml:29:13-76
88            android:exported="false"
88-->[com.firebaseui:firebase-ui-auth:7.2.0] AndroidManifest.xml:30:13-37
89            android:label=""
89-->[com.firebaseui:firebase-ui-auth:7.2.0] AndroidManifest.xml:31:13-29
90            android:theme="@style/FirebaseUI.Transparent" />
90-->[com.firebaseui:firebase-ui-auth:7.2.0] AndroidManifest.xml:32:13-58
91        <activity
91-->[com.firebaseui:firebase-ui-auth:7.2.0] AndroidManifest.xml:33:9-37:61
92            android:name="com.firebase.ui.auth.ui.credentials.CredentialSaveActivity"
92-->[com.firebaseui:firebase-ui-auth:7.2.0] AndroidManifest.xml:34:13-86
93            android:exported="false"
93-->[com.firebaseui:firebase-ui-auth:7.2.0] AndroidManifest.xml:35:13-37
94            android:label=""
94-->[com.firebaseui:firebase-ui-auth:7.2.0] AndroidManifest.xml:36:13-29
95            android:theme="@style/FirebaseUI.Transparent" />
95-->[com.firebaseui:firebase-ui-auth:7.2.0] AndroidManifest.xml:37:13-58
96        <activity
96-->[com.firebaseui:firebase-ui-auth:7.2.0] AndroidManifest.xml:38:9-42:58
97            android:name="com.firebase.ui.auth.ui.email.RecoverPasswordActivity"
97-->[com.firebaseui:firebase-ui-auth:7.2.0] AndroidManifest.xml:39:13-81
98            android:exported="false"
98-->[com.firebaseui:firebase-ui-auth:7.2.0] AndroidManifest.xml:40:13-37
99            android:label="@string/fui_title_recover_password_activity"
99-->[com.firebaseui:firebase-ui-auth:7.2.0] AndroidManifest.xml:41:13-72
100            android:windowSoftInputMode="adjustResize" />
100-->[com.firebaseui:firebase-ui-auth:7.2.0] AndroidManifest.xml:42:13-55
101        <activity
101-->[com.firebaseui:firebase-ui-auth:7.2.0] AndroidManifest.xml:43:9-47:58
102            android:name="com.firebase.ui.auth.ui.email.EmailActivity"
102-->[com.firebaseui:firebase-ui-auth:7.2.0] AndroidManifest.xml:44:13-71
103            android:exported="false"
103-->[com.firebaseui:firebase-ui-auth:7.2.0] AndroidManifest.xml:45:13-37
104            android:label="@string/fui_sign_in_default"
104-->[com.firebaseui:firebase-ui-auth:7.2.0] AndroidManifest.xml:46:13-56
105            android:windowSoftInputMode="adjustResize" />
105-->[com.firebaseui:firebase-ui-auth:7.2.0] AndroidManifest.xml:47:13-55
106        <activity
106-->[com.firebaseui:firebase-ui-auth:7.2.0] AndroidManifest.xml:48:9-52:77
107            android:name="com.firebase.ui.auth.ui.phone.PhoneActivity"
107-->[com.firebaseui:firebase-ui-auth:7.2.0] AndroidManifest.xml:49:13-71
108            android:exported="false"
108-->[com.firebaseui:firebase-ui-auth:7.2.0] AndroidManifest.xml:50:13-37
109            android:label="@string/fui_sign_in_with_phone_number"
109-->[com.firebaseui:firebase-ui-auth:7.2.0] AndroidManifest.xml:51:13-66
110            android:windowSoftInputMode="adjustResize|stateAlwaysVisible" />
110-->[com.firebaseui:firebase-ui-auth:7.2.0] AndroidManifest.xml:52:13-74
111        <activity
111-->[com.firebaseui:firebase-ui-auth:7.2.0] AndroidManifest.xml:53:9-57:58
112            android:name="com.firebase.ui.auth.ui.idp.WelcomeBackIdpPrompt"
112-->[com.firebaseui:firebase-ui-auth:7.2.0] AndroidManifest.xml:54:13-76
113            android:exported="false"
113-->[com.firebaseui:firebase-ui-auth:7.2.0] AndroidManifest.xml:55:13-37
114            android:label="@string/fui_title_welcome_back_idp_prompt"
114-->[com.firebaseui:firebase-ui-auth:7.2.0] AndroidManifest.xml:56:13-70
115            android:windowSoftInputMode="adjustResize" />
115-->[com.firebaseui:firebase-ui-auth:7.2.0] AndroidManifest.xml:57:13-55
116        <activity
116-->[com.firebaseui:firebase-ui-auth:7.2.0] AndroidManifest.xml:58:9-62:58
117            android:name="com.firebase.ui.auth.ui.email.WelcomeBackPasswordPrompt"
117-->[com.firebaseui:firebase-ui-auth:7.2.0] AndroidManifest.xml:59:13-83
118            android:exported="false"
118-->[com.firebaseui:firebase-ui-auth:7.2.0] AndroidManifest.xml:60:13-37
119            android:label="@string/fui_title_welcome_back_password_prompt"
119-->[com.firebaseui:firebase-ui-auth:7.2.0] AndroidManifest.xml:61:13-75
120            android:windowSoftInputMode="adjustResize" />
120-->[com.firebaseui:firebase-ui-auth:7.2.0] AndroidManifest.xml:62:13-55
121        <activity
121-->[com.firebaseui:firebase-ui-auth:7.2.0] AndroidManifest.xml:63:9-67:58
122            android:name="com.firebase.ui.auth.ui.email.WelcomeBackEmailLinkPrompt"
122-->[com.firebaseui:firebase-ui-auth:7.2.0] AndroidManifest.xml:64:13-84
123            android:exported="false"
123-->[com.firebaseui:firebase-ui-auth:7.2.0] AndroidManifest.xml:65:13-37
124            android:label="@string/fui_title_welcome_back_password_prompt"
124-->[com.firebaseui:firebase-ui-auth:7.2.0] AndroidManifest.xml:66:13-75
125            android:windowSoftInputMode="adjustResize" />
125-->[com.firebaseui:firebase-ui-auth:7.2.0] AndroidManifest.xml:67:13-55
126        <activity
126-->[com.firebaseui:firebase-ui-auth:7.2.0] AndroidManifest.xml:68:9-73:58
127            android:name="com.firebase.ui.auth.ui.email.EmailLinkCatcherActivity"
127-->[com.firebaseui:firebase-ui-auth:7.2.0] AndroidManifest.xml:69:13-82
128            android:exported="false"
128-->[com.firebaseui:firebase-ui-auth:7.2.0] AndroidManifest.xml:70:13-37
129            android:label=""
129-->[com.firebaseui:firebase-ui-auth:7.2.0] AndroidManifest.xml:71:13-29
130            android:theme="@style/FirebaseUI.Transparent"
130-->[com.firebaseui:firebase-ui-auth:7.2.0] AndroidManifest.xml:72:13-58
131            android:windowSoftInputMode="adjustResize" />
131-->[com.firebaseui:firebase-ui-auth:7.2.0] AndroidManifest.xml:73:13-55
132        <activity
132-->[com.firebaseui:firebase-ui-auth:7.2.0] AndroidManifest.xml:74:9-78:58
133            android:name="com.firebase.ui.auth.ui.email.EmailLinkErrorRecoveryActivity"
133-->[com.firebaseui:firebase-ui-auth:7.2.0] AndroidManifest.xml:75:13-88
134            android:exported="false"
134-->[com.firebaseui:firebase-ui-auth:7.2.0] AndroidManifest.xml:76:13-37
135            android:label="@string/fui_sign_in_default"
135-->[com.firebaseui:firebase-ui-auth:7.2.0] AndroidManifest.xml:77:13-56
136            android:windowSoftInputMode="adjustResize" />
136-->[com.firebaseui:firebase-ui-auth:7.2.0] AndroidManifest.xml:78:13-55
137        <activity
137-->[com.firebaseui:firebase-ui-auth:7.2.0] AndroidManifest.xml:79:9-82:65
138            android:name="com.firebase.ui.auth.ui.idp.AuthMethodPickerActivity"
138-->[com.firebaseui:firebase-ui-auth:7.2.0] AndroidManifest.xml:80:13-80
139            android:exported="false"
139-->[com.firebaseui:firebase-ui-auth:7.2.0] AndroidManifest.xml:81:13-37
140            android:label="@string/fui_default_toolbar_title" />
140-->[com.firebaseui:firebase-ui-auth:7.2.0] AndroidManifest.xml:82:13-62
141        <activity
141-->[com.firebaseui:firebase-ui-auth:7.2.0] AndroidManifest.xml:83:9-87:48
142            android:name="com.facebook.FacebookActivity"
142-->[com.firebaseui:firebase-ui-auth:7.2.0] AndroidManifest.xml:84:13-57
143            android:configChanges="keyboard|keyboardHidden|screenLayout|screenSize|orientation"
143-->[com.firebaseui:firebase-ui-auth:7.2.0] AndroidManifest.xml:85:13-96
144            android:label="@string/app_name" />
144-->[com.firebaseui:firebase-ui-auth:7.2.0] AndroidManifest.xml:86:13-45
145        <activity
145-->[com.firebaseui:firebase-ui-auth:7.2.0] AndroidManifest.xml:88:9-100:20
146            android:name="com.facebook.CustomTabActivity"
146-->[com.firebaseui:firebase-ui-auth:7.2.0] AndroidManifest.xml:89:13-58
147            android:exported="true" >
147-->[com.firebaseui:firebase-ui-auth:7.2.0] AndroidManifest.xml:90:13-36
148            <intent-filter>
148-->[com.firebaseui:firebase-ui-auth:7.2.0] AndroidManifest.xml:92:13-99:29
149                <action android:name="android.intent.action.VIEW" />
149-->[com.firebaseui:firebase-ui-auth:7.2.0] AndroidManifest.xml:93:17-69
149-->[com.firebaseui:firebase-ui-auth:7.2.0] AndroidManifest.xml:93:25-66
150
151                <category android:name="android.intent.category.DEFAULT" />
151-->[com.firebaseui:firebase-ui-auth:7.2.0] AndroidManifest.xml:95:17-76
151-->[com.firebaseui:firebase-ui-auth:7.2.0] AndroidManifest.xml:95:27-73
152                <category android:name="android.intent.category.BROWSABLE" />
152-->[com.firebaseui:firebase-ui-auth:7.2.0] AndroidManifest.xml:96:17-78
152-->[com.firebaseui:firebase-ui-auth:7.2.0] AndroidManifest.xml:96:27-75
153
154                <data android:scheme="@string/facebook_login_protocol_scheme" />
154-->src/main/AndroidManifest.xml:30:17-72
154-->src/main/AndroidManifest.xml:30:43-70
155            </intent-filter>
156        </activity>
157
158        <provider
158-->[com.firebaseui:firebase-ui-auth:7.2.0] AndroidManifest.xml:102:9-106:38
159            android:name="com.firebase.ui.auth.data.client.AuthUiInitProvider"
159-->[com.firebaseui:firebase-ui-auth:7.2.0] AndroidManifest.xml:103:13-79
160            android:authorities="com.example.spotifywrapped.authuiinitprovider"
160-->[com.firebaseui:firebase-ui-auth:7.2.0] AndroidManifest.xml:104:13-70
161            android:exported="false"
161-->[com.firebaseui:firebase-ui-auth:7.2.0] AndroidManifest.xml:105:13-37
162            android:initOrder="90" />
162-->[com.firebaseui:firebase-ui-auth:7.2.0] AndroidManifest.xml:106:13-35
163        <provider
163-->[androidx.emoji2:emoji2:1.2.0] AndroidManifest.xml:24:9-32:20
164            android:name="androidx.startup.InitializationProvider"
164-->[androidx.emoji2:emoji2:1.2.0] AndroidManifest.xml:25:13-67
165            android:authorities="com.example.spotifywrapped.androidx-startup"
165-->[androidx.emoji2:emoji2:1.2.0] AndroidManifest.xml:26:13-68
166            android:exported="false" >
166-->[androidx.emoji2:emoji2:1.2.0] AndroidManifest.xml:27:13-37
167            <meta-data
167-->[androidx.emoji2:emoji2:1.2.0] AndroidManifest.xml:29:13-31:52
168                android:name="androidx.emoji2.text.EmojiCompatInitializer"
168-->[androidx.emoji2:emoji2:1.2.0] AndroidManifest.xml:30:17-75
169                android:value="androidx.startup" />
169-->[androidx.emoji2:emoji2:1.2.0] AndroidManifest.xml:31:17-49
170            <meta-data
170-->[androidx.lifecycle:lifecycle-process:2.7.0] AndroidManifest.xml:29:13-31:52
171                android:name="androidx.lifecycle.ProcessLifecycleInitializer"
171-->[androidx.lifecycle:lifecycle-process:2.7.0] AndroidManifest.xml:30:17-78
172                android:value="androidx.startup" />
172-->[androidx.lifecycle:lifecycle-process:2.7.0] AndroidManifest.xml:31:17-49
173            <meta-data
173-->[androidx.profileinstaller:profileinstaller:1.3.0] AndroidManifest.xml:29:13-31:52
174                android:name="androidx.profileinstaller.ProfileInstallerInitializer"
174-->[androidx.profileinstaller:profileinstaller:1.3.0] AndroidManifest.xml:30:17-85
175                android:value="androidx.startup" />
175-->[androidx.profileinstaller:profileinstaller:1.3.0] AndroidManifest.xml:31:17-49
176        </provider>
177
178        <activity
178-->[com.google.firebase:firebase-auth:22.3.1] AndroidManifest.xml:29:9-46:20
179            android:name="com.google.firebase.auth.internal.GenericIdpActivity"
179-->[com.google.firebase:firebase-auth:22.3.1] AndroidManifest.xml:30:13-80
180            android:excludeFromRecents="true"
180-->[com.google.firebase:firebase-auth:22.3.1] AndroidManifest.xml:31:13-46
181            android:exported="true"
181-->[com.google.firebase:firebase-auth:22.3.1] AndroidManifest.xml:32:13-36
182            android:launchMode="singleTask"
182-->[com.google.firebase:firebase-auth:22.3.1] AndroidManifest.xml:33:13-44
183            android:theme="@android:style/Theme.Translucent.NoTitleBar" >
183-->[com.google.firebase:firebase-auth:22.3.1] AndroidManifest.xml:34:13-72
184            <intent-filter>
184-->[com.google.firebase:firebase-auth:22.3.1] AndroidManifest.xml:35:13-45:29
185                <action android:name="android.intent.action.VIEW" />
185-->[com.firebaseui:firebase-ui-auth:7.2.0] AndroidManifest.xml:93:17-69
185-->[com.firebaseui:firebase-ui-auth:7.2.0] AndroidManifest.xml:93:25-66
186
187                <category android:name="android.intent.category.DEFAULT" />
187-->[com.firebaseui:firebase-ui-auth:7.2.0] AndroidManifest.xml:95:17-76
187-->[com.firebaseui:firebase-ui-auth:7.2.0] AndroidManifest.xml:95:27-73
188                <category android:name="android.intent.category.BROWSABLE" />
188-->[com.firebaseui:firebase-ui-auth:7.2.0] AndroidManifest.xml:96:17-78
188-->[com.firebaseui:firebase-ui-auth:7.2.0] AndroidManifest.xml:96:27-75
189
190                <data
190-->src/main/AndroidManifest.xml:30:17-72
191                    android:host="firebase.auth"
191-->src/main/AndroidManifest.xml:30:23-42
192                    android:path="/"
193                    android:scheme="genericidp" />
193-->src/main/AndroidManifest.xml:30:43-70
194            </intent-filter>
195        </activity>
196        <activity
196-->[com.google.firebase:firebase-auth:22.3.1] AndroidManifest.xml:47:9-64:20
197            android:name="com.google.firebase.auth.internal.RecaptchaActivity"
197-->[com.google.firebase:firebase-auth:22.3.1] AndroidManifest.xml:48:13-79
198            android:excludeFromRecents="true"
198-->[com.google.firebase:firebase-auth:22.3.1] AndroidManifest.xml:49:13-46
199            android:exported="true"
199-->[com.google.firebase:firebase-auth:22.3.1] AndroidManifest.xml:50:13-36
200            android:launchMode="singleTask"
200-->[com.google.firebase:firebase-auth:22.3.1] AndroidManifest.xml:51:13-44
201            android:theme="@android:style/Theme.Translucent.NoTitleBar" >
201-->[com.google.firebase:firebase-auth:22.3.1] AndroidManifest.xml:52:13-72
202            <intent-filter>
202-->[com.google.firebase:firebase-auth:22.3.1] AndroidManifest.xml:53:13-63:29
203                <action android:name="android.intent.action.VIEW" />
203-->[com.firebaseui:firebase-ui-auth:7.2.0] AndroidManifest.xml:93:17-69
203-->[com.firebaseui:firebase-ui-auth:7.2.0] AndroidManifest.xml:93:25-66
204
205                <category android:name="android.intent.category.DEFAULT" />
205-->[com.firebaseui:firebase-ui-auth:7.2.0] AndroidManifest.xml:95:17-76
205-->[com.firebaseui:firebase-ui-auth:7.2.0] AndroidManifest.xml:95:27-73
206                <category android:name="android.intent.category.BROWSABLE" />
206-->[com.firebaseui:firebase-ui-auth:7.2.0] AndroidManifest.xml:96:17-78
206-->[com.firebaseui:firebase-ui-auth:7.2.0] AndroidManifest.xml:96:27-75
207
208                <data
208-->src/main/AndroidManifest.xml:30:17-72
209                    android:host="firebase.auth"
209-->src/main/AndroidManifest.xml:30:23-42
210                    android:path="/"
211                    android:scheme="recaptcha" />
211-->src/main/AndroidManifest.xml:30:43-70
212            </intent-filter>
213        </activity>
214
215        <service
215-->[com.google.firebase:firebase-auth:22.3.1] AndroidManifest.xml:66:9-72:19
216            android:name="com.google.firebase.components.ComponentDiscoveryService"
216-->[com.google.firebase:firebase-auth:22.3.1] AndroidManifest.xml:67:13-84
217            android:directBootAware="true"
217-->[com.google.firebase:firebase-common:20.4.3] AndroidManifest.xml:32:13-43
218            android:exported="false" >
218-->[com.google.firebase:firebase-auth:22.3.1] AndroidManifest.xml:68:13-37
219            <meta-data
219-->[com.google.firebase:firebase-auth:22.3.1] AndroidManifest.xml:69:13-71:85
220                android:name="com.google.firebase.components:com.google.firebase.auth.FirebaseAuthRegistrar"
220-->[com.google.firebase:firebase-auth:22.3.1] AndroidManifest.xml:70:17-109
221                android:value="com.google.firebase.components.ComponentRegistrar" />
221-->[com.google.firebase:firebase-auth:22.3.1] AndroidManifest.xml:71:17-82
222            <meta-data
222-->[com.google.firebase:firebase-firestore:24.11.0] AndroidManifest.xml:17:13-19:85
223                android:name="com.google.firebase.components:com.google.firebase.firestore.FirebaseFirestoreKtxRegistrar"
223-->[com.google.firebase:firebase-firestore:24.11.0] AndroidManifest.xml:18:17-122
224                android:value="com.google.firebase.components.ComponentRegistrar" />
224-->[com.google.firebase:firebase-firestore:24.11.0] AndroidManifest.xml:19:17-82
225            <meta-data
225-->[com.google.firebase:firebase-firestore:24.11.0] AndroidManifest.xml:20:13-22:85
226                android:name="com.google.firebase.components:com.google.firebase.firestore.FirestoreRegistrar"
226-->[com.google.firebase:firebase-firestore:24.11.0] AndroidManifest.xml:21:17-111
227                android:value="com.google.firebase.components.ComponentRegistrar" />
227-->[com.google.firebase:firebase-firestore:24.11.0] AndroidManifest.xml:22:17-82
228            <meta-data
228-->[com.google.android.gms:play-services-measurement-api:21.6.1] AndroidManifest.xml:37:13-39:85
229                android:name="com.google.firebase.components:com.google.firebase.analytics.connector.internal.AnalyticsConnectorRegistrar"
229-->[com.google.android.gms:play-services-measurement-api:21.6.1] AndroidManifest.xml:38:17-139
230                android:value="com.google.firebase.components.ComponentRegistrar" />
230-->[com.google.android.gms:play-services-measurement-api:21.6.1] AndroidManifest.xml:39:17-82
231            <meta-data
231-->[com.google.firebase:firebase-installations:17.2.0] AndroidManifest.xml:15:13-17:85
232                android:name="com.google.firebase.components:com.google.firebase.installations.FirebaseInstallationsKtxRegistrar"
232-->[com.google.firebase:firebase-installations:17.2.0] AndroidManifest.xml:16:17-130
233                android:value="com.google.firebase.components.ComponentRegistrar" />
233-->[com.google.firebase:firebase-installations:17.2.0] AndroidManifest.xml:17:17-82
234            <meta-data
234-->[com.google.firebase:firebase-installations:17.2.0] AndroidManifest.xml:18:13-20:85
235                android:name="com.google.firebase.components:com.google.firebase.installations.FirebaseInstallationsRegistrar"
235-->[com.google.firebase:firebase-installations:17.2.0] AndroidManifest.xml:19:17-127
236                android:value="com.google.firebase.components.ComponentRegistrar" />
236-->[com.google.firebase:firebase-installations:17.2.0] AndroidManifest.xml:20:17-82
237            <meta-data
237-->[com.google.firebase:firebase-common-ktx:20.4.3] AndroidManifest.xml:12:13-14:85
238                android:name="com.google.firebase.components:com.google.firebase.ktx.FirebaseCommonLegacyRegistrar"
238-->[com.google.firebase:firebase-common-ktx:20.4.3] AndroidManifest.xml:13:17-116
239                android:value="com.google.firebase.components.ComponentRegistrar" />
239-->[com.google.firebase:firebase-common-ktx:20.4.3] AndroidManifest.xml:14:17-82
240            <meta-data
240-->[com.google.firebase:firebase-common:20.4.3] AndroidManifest.xml:35:13-37:85
241                android:name="com.google.firebase.components:com.google.firebase.FirebaseCommonKtxRegistrar"
241-->[com.google.firebase:firebase-common:20.4.3] AndroidManifest.xml:36:17-109
242                android:value="com.google.firebase.components.ComponentRegistrar" />
242-->[com.google.firebase:firebase-common:20.4.3] AndroidManifest.xml:37:17-82
243        </service>
244
245        <activity
245-->[com.google.android.gms:play-services-auth:19.0.0] AndroidManifest.xml:23:9-27:75
246            android:name="com.google.android.gms.auth.api.signin.internal.SignInHubActivity"
246-->[com.google.android.gms:play-services-auth:19.0.0] AndroidManifest.xml:24:13-93
247            android:excludeFromRecents="true"
247-->[com.google.android.gms:play-services-auth:19.0.0] AndroidManifest.xml:25:13-46
248            android:exported="false"
248-->[com.google.android.gms:play-services-auth:19.0.0] AndroidManifest.xml:26:13-37
249            android:theme="@android:style/Theme.Translucent.NoTitleBar" />
249-->[com.google.android.gms:play-services-auth:19.0.0] AndroidManifest.xml:27:13-72
250        <!--
251            Service handling Google Sign-In user revocation. For apps that do not integrate with
252            Google Sign-In, this service will never be started.
253        -->
254        <service
254-->[com.google.android.gms:play-services-auth:19.0.0] AndroidManifest.xml:33:9-37:51
255            android:name="com.google.android.gms.auth.api.signin.RevocationBoundService"
255-->[com.google.android.gms:play-services-auth:19.0.0] AndroidManifest.xml:34:13-89
256            android:exported="true"
256-->[com.google.android.gms:play-services-auth:19.0.0] AndroidManifest.xml:35:13-36
257            android:permission="com.google.android.gms.auth.api.signin.permission.REVOCATION_NOTIFICATION"
257-->[com.google.android.gms:play-services-auth:19.0.0] AndroidManifest.xml:36:13-107
258            android:visibleToInstantApps="true" />
258-->[com.google.android.gms:play-services-auth:19.0.0] AndroidManifest.xml:37:13-48
259
260        <activity
260-->[com.google.android.gms:play-services-base:18.0.1] AndroidManifest.xml:20:9-22:45